Using pre-set license
Built from '6000.0/staging' branch; Version is '6000.0.41f1 (46e447368a18) revision 4645959'; Using compiler version '193933523'; Build Type 'Release'
OS: 'Windows 11  (10.0.26100) 64bit Professional' Language: 'en' Physical Memory: 64702 MB
BatchMode: 1, IsHumanControllingUs: 0, StartBugReporterOnCrash: 0, Is64bit: 1, IsPro: 1

COMMAND LINE ARGUMENTS:
G:\Unity\Instilations\Unity 6\6000.0.41f1\Editor\Unity.exe
-adb2
-batchMode
-noUpm
-name
AssetImportWorker8
-projectPath
G:/Unity/Projects/Virtual-Tour-CS-Club/CS-Project
-logFile
Logs/AssetImportWorker8.log
-srvPort
58386
-job-worker-count
7
-background-job-worker-count
8
-gc-helper-count
1
Successfully changed project path to: G:/Unity/Projects/Virtual-Tour-CS-Club/CS-Project
G:/Unity/Projects/Virtual-Tour-CS-Club/CS-Project
[UnityMemory] Configuration Parameters - Can be set up in boot.config
    "memorysetup-bucket-allocator-granularity=16"
    "memorysetup-bucket-allocator-bucket-count=8"
    "memorysetup-bucket-allocator-block-size=33554432"
    "memorysetup-bucket-allocator-block-count=8"
    "memorysetup-main-allocator-block-size=16777216"
    "memorysetup-thread-allocator-block-size=16777216"
    "memorysetup-gfx-main-allocator-block-size=16777216"
    "memorysetup-gfx-thread-allocator-block-size=16777216"
    "memorysetup-cache-allocator-block-size=4194304"
    "memorysetup-typetree-allocator-block-size=2097152"
    "memorysetup-profiler-bucket-allocator-granularity=16"
    "memorysetup-profiler-bucket-allocator-bucket-count=8"
    "memorysetup-profiler-bucket-allocator-block-size=33554432"
    "memorysetup-profiler-bucket-allocator-block-count=8"
    "memorysetup-profiler-allocator-block-size=16777216"
    "memorysetup-profiler-editor-allocator-block-size=1048576"
    "memorysetup-temp-allocator-size-main=16777216"
    "memorysetup-job-temp-allocator-block-size=2097152"
    "memorysetup-job-temp-allocator-block-size-background=1048576"
    "memorysetup-job-temp-allocator-reduction-small-platforms=262144"
    "memorysetup-allocator-temp-initial-block-size-main=262144"
    "memorysetup-allocator-temp-initial-block-size-worker=262144"
    "memorysetup-temp-allocator-size-background-worker=32768"
    "memorysetup-temp-allocator-size-job-worker=262144"
    "memorysetup-temp-allocator-size-preload-manager=33554432"
    "memorysetup-temp-allocator-size-nav-mesh-worker=65536"
    "memorysetup-temp-allocator-size-audio-worker=65536"
    "memorysetup-temp-allocator-size-cloud-worker=32768"
    "memorysetup-temp-allocator-size-gi-baking-worker=262144"
    "memorysetup-temp-allocator-size-gi-baking-worker=262144"
    "memorysetup-temp-allocator-size-gi-baking-worker=262144"
    "memorysetup-temp-allocator-size-gi-baking-worker=262144"
    "memorysetup-temp-allocator-size-gi-baking-worker=262144"
    "memorysetup-temp-allocator-size-gfx=262144"
Player connection [29388]  Target information:

Player connection [29388]  * "[IP] 192.168.0.247 [Port] 0 [Flags] 2 [Guid] 3969396469 [EditorId] 3969396469 [Version] 1048832 [Id] WindowsEditor(7,LeepSupreme) [Debug] 1 [PackageName] WindowsEditor [ProjectName] Editor" 

Player connection [29388] Host joined multi-casting on [225.0.0.222:54997]...
Player connection [29388] Host joined alternative multi-casting on [225.0.0.222:34997]...
JobSystem: Creating JobQueue using job-worker-count value 7
Input System module state changed to: Initialized.
[Physics::Module] Initialized fallback backend.
[Physics::Module] Id: 0xdecafbad
Library Redirect Path: Library/
[Physics::Module] Selected backend.
[Physics::Module] Name: PhysX
[Physics::Module] Id: 0xf2b8ea05
[Physics::Module] SDK Version: 4.1.2
[Physics::Module] Integration Version: 1.0.0
[Physics::Module] Threading Mode: Multi-Threaded
Refreshing native plugins compatible for Editor in 5.67 ms, found 9 plugins.
Preloading 0 native plugins for Editor in 0.00 ms.
Initialize engine version: 6000.0.41f1 (46e447368a18)
[Subsystems] Discovering subsystems at path G:/Unity/Instilations/Unity 6/6000.0.41f1/Editor/Data/Resources/UnitySubsystems
[Subsystems] Discovering subsystems at path G:/Unity/Projects/Virtual-Tour-CS-Club/CS-Project/Assets
GfxDevice: creating device client; kGfxThreadingModeNonThreaded
Direct3D:
    Version:  Direct3D 11.0 [level 11.1]
    Renderer: NVIDIA GeForce RTX 3070 Ti (ID=0x2482)
    Vendor:   NVIDIA
    VRAM:     8018 MB
    Driver:   32.0.15.6094
Initialize mono
Mono path[0] = 'G:/Unity/Instilations/Unity 6/6000.0.41f1/Editor/Data/Managed'
Mono path[1] = 'G:/Unity/Instilations/Unity 6/6000.0.41f1/Editor/Data/MonoBleedingEdge/lib/mono/unityjit-win32'
Mono config path = 'G:/Unity/Instilations/Unity 6/6000.0.41f1/Editor/Data/MonoBleedingEdge/etc'
Using monoOptions --debugger-agent=transport=dt_socket,embedding=1,server=y,suspend=n,address=127.0.0.1:56792
Begin MonoManager ReloadAssembly
Registering precompiled unity dll's ...
Register platform support module: G:/Unity/Instilations/Unity 6/6000.0.41f1/Editor/Data/PlaybackEngines/WebGLSupport/UnityEditor.WebGL.Extensions.dll
Register platform support module: G:/Unity/Instilations/Unity 6/6000.0.41f1/Editor/Data/PlaybackEngines/WindowsStandaloneSupport/UnityEditor.WindowsStandalone.Extensions.dll
Registered in 0.002010 seconds.
- Loaded All Assemblies, in  0.237 seconds
Native extension for WindowsStandalone target not found
Native extension for WebGL target not found
Mono: successfully reloaded assembly
- Finished resetting the current domain, in  0.203 seconds
Domain Reload Profiling: 440ms
	BeginReloadAssembly (80ms)
		ExecutionOrderSort (0ms)
		DisableScriptedObjects (0ms)
		BackupInstance (0ms)
		ReleaseScriptingObjects (0ms)
		CreateAndSetChildDomain (1ms)
	RebuildCommonClasses (22ms)
	RebuildNativeTypeToScriptingClass (8ms)
	initialDomainReloadingComplete (28ms)
	LoadAllAssembliesAndSetupDomain (99ms)
		LoadAssemblies (80ms)
		RebuildTransferFunctionScriptingTraits (0ms)
		AnalyzeDomain (97ms)
			TypeCache.Refresh (95ms)
				TypeCache.ScanAssembly (86ms)
			BuildScriptInfoCaches (0ms)
			ResolveRequiredComponents (0ms)
	FinalizeReload (203ms)
		ReleaseScriptCaches (0ms)
		RebuildScriptCaches (0ms)
		SetupLoadedEditorAssemblies (176ms)
			LogAssemblyErrors (0ms)
			InitializePlatformSupportModulesInManaged (16ms)
			SetLoadedEditorAssemblies (3ms)
			BeforeProcessingInitializeOnLoad (31ms)
			ProcessInitializeOnLoadAttributes (93ms)
			ProcessInitializeOnLoadMethodAttributes (33ms)
			AfterProcessingInitializeOnLoad (0ms)
			EditorAssembliesLoaded (0ms)
		ExecutionOrderSort2 (0ms)
		AwakeInstancesAfterBackupRestoration (0ms)
========================================================================
Worker process is ready to serve import requests
Import Worker Mode flag is 0x00
Begin MonoManager ReloadAssembly
- Loaded All Assemblies, in  0.478 seconds
'Packages/com.unity.xr.openxr/Runtime/OpenXRLoader.cs' contains partial class of Unity.Object, exactly 1 of the partial classes needs to be in a file with the same filename. This is to know the one that can be referenced from ie. GameObjects
'Packages/com.unity.xr.openxr/Runtime/OpenXRLoaderInternal.cs' contains partial class of Unity.Object, exactly 1 of the partial classes needs to be in a file with the same filename. This is to know the one that can be referenced from ie. GameObjects
Refreshing native plugins compatible for Editor in 3.70 ms, found 9 plugins.
Native extension for WindowsStandalone target not found
Native extension for WebGL target not found
Package Manager log level set to [2]
[Package Manager] Failed to launch server process. Reason: Unity was launched with the -noUpm command-line argument
[Package Manager] Unable to send message (not connected to server process).
[Package Manager] Cannot connect to Unity Package Manager local server
[Package Manager] Failed to launch server process. Reason: Unity was launched with the -noUpm command-line argument
[Package Manager] Unable to send message (not connected to server process).
[Package Manager] Cannot connect to Unity Package Manager local server
System.Reflection.TargetInvocationException: Exception has been thrown by the target of an invocation. ---> System.TypeInitializationException: The type initializer for 'UnityEditor.XR.Interaction.Toolkit.Samples.Hands.Editor.HandsSampleProjectValidation' threw an exception. ---> System.NullReferenceException: Object reference not set to an instance of an object
  at Unity.XR.CoreUtils.Editor.PackageVersionUtility.UpdatePackageVersions () [0x00034] in .\Library\PackageCache\com.unity.xr.core-utils@c0df0dd5bced\Editor\ProjectValidation\PackageVersionUtility.cs:46 
  at Unity.XR.CoreUtils.Editor.PackageVersionUtility.GetPackageVersion (System.String packageName) [0x00011] in .\Library\PackageCache\com.unity.xr.core-utils@c0df0dd5bced\Editor\ProjectValidation\PackageVersionUtility.cs:67 
  at UnityEditor.XR.Interaction.Toolkit.Samples.Hands.Editor.HandsSampleProjectValidation..cctor () [0x00041] in G:\Unity\Projects\Virtual-Tour-CS-Club\CS-Project\Assets\Samples\XR Interaction Toolkit\3.0.7\Hands Interaction Demo\Editor\Scripts\HandsSampleProjectValidation.cs:34 
   --- End of inner exception stack trace ---
  at (wrapper managed-to-native) System.Object.__icall_wrapper_mono_gc_wbarrier_generic_nostore_internal(intptr)
  at (wrapper write-barrier) System.Object.wbarrier_conc(intptr)
  at (wrapper managed-to-native) System.Reflection.RuntimeMethodInfo.InternalInvoke(System.Reflection.RuntimeMethodInfo,object,object[],System.Exception&)
  at System.Reflection.RuntimeMethodInfo.Invoke (System.Object obj, System.Reflection.BindingFlags invokeAttr, System.Reflection.Binder binder, System.Object[] parameters, System.Globalization.CultureInfo culture) [0x0006a] in <13c0c460649d4ce49f991e2c222fa635>:0 
   --- End of inner exception stack trace ---
  at System.Reflection.RuntimeMethodInfo.Invoke (System.Object obj, System.Reflection.BindingFlags invokeAttr, System.Reflection.Binder binder, System.Object[] parameters, System.Globalization.CultureInfo culture) [0x00083] in <13c0c460649d4ce49f991e2c222fa635>:0 
  at System.Reflection.MethodBase.Invoke (System.Object obj, System.Object[] parameters) [0x00000] in <13c0c460649d4ce49f991e2c222fa635>:0 
  at UnityEditor.EditorAssemblies.ProcessInitializeOnLoadMethodAttributes () [0x00056] in <95707308f6f3498991e9df8902fe97ba>:0 
UnityEngine.Debug:ExtractStackTraceNoAlloc (byte*,int,string)
UnityEngine.StackTraceUtility:ExtractStackTrace ()
UnityEngine.DebugLogHandler:Internal_Log (UnityEngine.LogType,UnityEngine.LogOption,string,UnityEngine.Object)
UnityEngine.DebugLogHandler:LogFormat (UnityEngine.LogType,UnityEngine.Object,string,object[])
UnityEngine.Logger:Log (UnityEngine.LogType,object)
UnityEngine.Debug:LogError (object)
UnityEditor.EditorAssemblies:ProcessInitializeOnLoadMethodAttributes ()

Mono: successfully reloaded assembly
[Package Manager] Failed to launch server process. Reason: Unity was launched with the -noUpm command-line argument
[Package Manager] Unable to send message (not connected to server process).
[Package Manager] Cannot connect to Unity Package Manager local server
[Package Manager] Failed to launch server process. Reason: Unity was launched with the -noUpm command-line argument
[Package Manager] Unable to send message (not connected to server process).
[Package Manager] Cannot connect to Unity Package Manager local server
- Finished resetting the current domain, in  0.498 seconds
Domain Reload Profiling: 975ms
	BeginReloadAssembly (113ms)
		ExecutionOrderSort (0ms)
		DisableScriptedObjects (4ms)
		BackupInstance (0ms)
		ReleaseScriptingObjects (0ms)
		CreateAndSetChildDomain (25ms)
	RebuildCommonClasses (23ms)
	RebuildNativeTypeToScriptingClass (8ms)
	initialDomainReloadingComplete (23ms)
	LoadAllAssembliesAndSetupDomain (311ms)
		LoadAssemblies (208ms)
		RebuildTransferFunctionScriptingTraits (0ms)
		AnalyzeDomain (166ms)
			TypeCache.Refresh (122ms)
				TypeCache.ScanAssembly (110ms)
			BuildScriptInfoCaches (34ms)
			ResolveRequiredComponents (8ms)
	FinalizeReload (498ms)
		ReleaseScriptCaches (0ms)
		RebuildScriptCaches (0ms)
		SetupLoadedEditorAssemblies (417ms)
			LogAssemblyErrors (0ms)
			InitializePlatformSupportModulesInManaged (2ms)
			SetLoadedEditorAssemblies (4ms)
			BeforeProcessingInitializeOnLoad (63ms)
			ProcessInitializeOnLoadAttributes (250ms)
			ProcessInitializeOnLoadMethodAttributes (97ms)
			AfterProcessingInitializeOnLoad (1ms)
			EditorAssembliesLoaded (0ms)
		ExecutionOrderSort2 (0ms)
		AwakeInstancesAfterBackupRestoration (5ms)
Launched and connected shader compiler UnityShaderCompiler.exe after 0.01 seconds
Refreshing native plugins compatible for Editor in 3.95 ms, found 9 plugins.
Preloading 0 native plugins for Editor in 0.00 ms.
Unloading 194 Unused Serialized files (Serialized files now loaded: 0)
Unloading 5587 unused Assets / (4.0 MB). Loaded Objects now: 6277.
Memory consumption went from 164.9 MB to 160.9 MB.
Total: 6.454100 ms (FindLiveObjects: 0.745700 ms CreateObjectMapping: 0.286200 ms MarkObjects: 3.877500 ms  DeleteObjects: 1.543900 ms)

========================================================================
Received Import Request.
  Time since last request: 167210.222438 seconds.
  path: Assets/Scenes/kais crazy scene (tongue emojii))/unity game room5.fbx
  artifactKey: Guid(9fb2fffae921afc49a6872b751141cf6) Importer(815301076,1909f56bfc062723c751e8b465ee728b)
Start importing Assets/Scenes/kais crazy scene (tongue emojii))/unity game room5.fbx using Guid(9fb2fffae921afc49a6872b751141cf6) Importer(815301076,1909f56bfc062723c751e8b465ee728b) (PreviewImporter) -> (artifact id: 'de2499c6238abb8d3ace8afa838a80f8') in 0.8704052 seconds
Number of updated asset objects reloaded before import = 0Number of asset objects unloaded after import = 977

========================================================================
Received Import Request.
  Time since last request: 0.292275 seconds.
  path: Assets/Scenes/kais crazy scene (tongue emojii))/black.mat
  artifactKey: Guid(cb7ac8684d31b3c468b5d5914a30f08b) Importer(815301076,1909f56bfc062723c751e8b465ee728b)
Start importing Assets/Scenes/kais crazy scene (tongue emojii))/black.mat using Guid(cb7ac8684d31b3c468b5d5914a30f08b) Importer(815301076,1909f56bfc062723c751e8b465ee728b) (PreviewImporter) -> (artifact id: 'c2637f5badd8bc2b9bc233749cb6a7e9') in 0.0242219 seconds
Number of updated asset objects reloaded before import = 20Number of asset objects unloaded after import = 1

========================================================================
Received Import Request.
  Time since last request: 0.000022 seconds.
  path: Assets/Scenes/kais crazy scene (tongue emojii))/paper.mat
  artifactKey: Guid(dd46740b3d2325b40a9fda1b0c273540) Importer(815301076,1909f56bfc062723c751e8b465ee728b)
Start importing Assets/Scenes/kais crazy scene (tongue emojii))/paper.mat using Guid(dd46740b3d2325b40a9fda1b0c273540) Importer(815301076,1909f56bfc062723c751e8b465ee728b) (PreviewImporter) -> (artifact id: '13cf874e70698ff9225bff22d460169c') in 0.0144278 seconds
Number of updated asset objects reloaded before import = 0Number of asset objects unloaded after import = 2

========================================================================
Received Import Request.
  Time since last request: 0.000018 seconds.
  path: Assets/Scenes/kais crazy scene (tongue emojii))/outlet.mat
  artifactKey: Guid(098e0896007b43b499f327ea8b581758) Importer(815301076,1909f56bfc062723c751e8b465ee728b)
Start importing Assets/Scenes/kais crazy scene (tongue emojii))/outlet.mat using Guid(098e0896007b43b499f327ea8b581758) Importer(815301076,1909f56bfc062723c751e8b465ee728b) (PreviewImporter) -> (artifact id: '3fc7f96414a3e25dc584d8d842f2e17a') in 0.0143861 seconds
Number of updated asset objects reloaded before import = 0Number of asset objects unloaded after import = 2

========================================================================
Received Import Request.
  Time since last request: 0.000022 seconds.
  path: Assets/Scenes/kais crazy scene (tongue emojii))/poster1.mat
  artifactKey: Guid(e04bbaba4198f3841b5750186cfcedd2) Importer(815301076,1909f56bfc062723c751e8b465ee728b)
Start importing Assets/Scenes/kais crazy scene (tongue emojii))/poster1.mat using Guid(e04bbaba4198f3841b5750186cfcedd2) Importer(815301076,1909f56bfc062723c751e8b465ee728b) (PreviewImporter) -> (artifact id: '56b03c561136c41c47344bf0d5d7d7c2') in 0.0224517 seconds
Number of updated asset objects reloaded before import = 0Number of asset objects unloaded after import = 2

========================================================================
Received Import Request.
  Time since last request: 0.000032 seconds.
  path: Assets/Scenes/kais crazy scene (tongue emojii))/chair.mat
  artifactKey: Guid(e3fcdef819c28784b9760d2225cb2950) Importer(815301076,1909f56bfc062723c751e8b465ee728b)
Start importing Assets/Scenes/kais crazy scene (tongue emojii))/chair.mat using Guid(e3fcdef819c28784b9760d2225cb2950) Importer(815301076,1909f56bfc062723c751e8b465ee728b) (PreviewImporter) -> (artifact id: 'c288598eb2ca7595498192e425cced3d') in 0.0287305 seconds
Number of updated asset objects reloaded before import = 0Number of asset objects unloaded after import = 2

========================================================================
Received Import Request.
  Time since last request: 0.000022 seconds.
  path: Assets/Scenes/kais crazy scene (tongue emojii))/poster4.mat
  artifactKey: Guid(e2eed134fee398748bf6a57863c7fdc8) Importer(815301076,1909f56bfc062723c751e8b465ee728b)
Start importing Assets/Scenes/kais crazy scene (tongue emojii))/poster4.mat using Guid(e2eed134fee398748bf6a57863c7fdc8) Importer(815301076,1909f56bfc062723c751e8b465ee728b) (PreviewImporter) -> (artifact id: '85ae5616af3c3c96fc82f790c5431ee4') in 0.0222546 seconds
Number of updated asset objects reloaded before import = 0Number of asset objects unloaded after import = 2

========================================================================
Received Import Request.
  Time since last request: 0.000021 seconds.
  path: Assets/Scenes/kais crazy scene (tongue emojii))/keyboard.mat
  artifactKey: Guid(85922c58c547b3d4091f6e8258edd4ca) Importer(815301076,1909f56bfc062723c751e8b465ee728b)
Start importing Assets/Scenes/kais crazy scene (tongue emojii))/keyboard.mat using Guid(85922c58c547b3d4091f6e8258edd4ca) Importer(815301076,1909f56bfc062723c751e8b465ee728b) (PreviewImporter) -> (artifact id: 'fcf40b04f32a561f4ff31cf8940c6823') in 0.029222 seconds
Number of updated asset objects reloaded before import = 0Number of asset objects unloaded after import = 2

========================================================================
Received Import Request.
  Time since last request: 0.000018 seconds.
  path: Assets/Scenes/kais crazy scene (tongue emojii))/outside.mat
  artifactKey: Guid(4e3954b9cc4a77b4aa2b684de26d6574) Importer(815301076,1909f56bfc062723c751e8b465ee728b)
Start importing Assets/Scenes/kais crazy scene (tongue emojii))/outside.mat using Guid(4e3954b9cc4a77b4aa2b684de26d6574) Importer(815301076,1909f56bfc062723c751e8b465ee728b) (PreviewImporter) -> (artifact id: '37b85dc724bb731c6fee9c566895217b') in 0.0177177 seconds
Number of updated asset objects reloaded before import = 0Number of asset objects unloaded after import = 1

========================================================================
Received Import Request.
  Time since last request: 0.000022 seconds.
  path: Assets/Scenes/kais crazy scene (tongue emojii))/screen 2.mat
  artifactKey: Guid(3501d30dc224b284cb0516d05b80d81a) Importer(815301076,1909f56bfc062723c751e8b465ee728b)
Start importing Assets/Scenes/kais crazy scene (tongue emojii))/screen 2.mat using Guid(3501d30dc224b284cb0516d05b80d81a) Importer(815301076,1909f56bfc062723c751e8b465ee728b) (PreviewImporter) -> (artifact id: '9439a665a7316e68a8dcad849e93efae') in 0.0243609 seconds
Number of updated asset objects reloaded before import = 0Number of asset objects unloaded after import = 1

========================================================================
Received Import Request.
  Time since last request: 0.000015 seconds.
  path: Assets/Scenes/kais crazy scene (tongue emojii))/floor.mat
  artifactKey: Guid(91bc3a30f5668a843a00f3aea263174f) Importer(815301076,1909f56bfc062723c751e8b465ee728b)
Start importing Assets/Scenes/kais crazy scene (tongue emojii))/floor.mat using Guid(91bc3a30f5668a843a00f3aea263174f) Importer(815301076,1909f56bfc062723c751e8b465ee728b) (PreviewImporter) -> (artifact id: '4e1ced946fd3a83d6539e1994c584683') in 0.0114454 seconds
Number of updated asset objects reloaded before import = 0Number of asset objects unloaded after import = 2

========================================================================
Received Import Request.
  Time since last request: 0.000022 seconds.
  path: Assets/Scenes/kais crazy scene (tongue emojii))/plastic 1.mat
  artifactKey: Guid(9304b9293eb0840448054cfb99c5e377) Importer(815301076,1909f56bfc062723c751e8b465ee728b)
Start importing Assets/Scenes/kais crazy scene (tongue emojii))/plastic 1.mat using Guid(9304b9293eb0840448054cfb99c5e377) Importer(815301076,1909f56bfc062723c751e8b465ee728b) (PreviewImporter) -> (artifact id: '88937e427700e5651b0975087b5e5b2c') in 0.0108961 seconds
Number of updated asset objects reloaded before import = 0Number of asset objects unloaded after import = 1

========================================================================
Received Import Request.
  Time since last request: 0.000027 seconds.
  path: Assets/Scenes/kais crazy scene (tongue emojii))/blinds.mat
  artifactKey: Guid(3e154427b2523d041b8ab7cdffc6858e) Importer(815301076,1909f56bfc062723c751e8b465ee728b)
Start importing Assets/Scenes/kais crazy scene (tongue emojii))/blinds.mat using Guid(3e154427b2523d041b8ab7cdffc6858e) Importer(815301076,1909f56bfc062723c751e8b465ee728b) (PreviewImporter) -> (artifact id: '4a48dab74ff954ec37099d67478a5381') in 0.0115467 seconds
Number of updated asset objects reloaded before import = 0Number of asset objects unloaded after import = 1

========================================================================
Received Import Request.
  Time since last request: 0.000020 seconds.
  path: Assets/Scenes/kais crazy scene (tongue emojii))/paper3.mat
  artifactKey: Guid(2d599944aa6d1d84694e099cc2ffd313) Importer(815301076,1909f56bfc062723c751e8b465ee728b)
Start importing Assets/Scenes/kais crazy scene (tongue emojii))/paper3.mat using Guid(2d599944aa6d1d84694e099cc2ffd313) Importer(815301076,1909f56bfc062723c751e8b465ee728b) (PreviewImporter) -> (artifact id: '6b9c42bb772029e6fa2911b21f8d017b') in 0.0119505 seconds
Number of updated asset objects reloaded before import = 0Number of asset objects unloaded after import = 2

========================================================================
Received Import Request.
  Time since last request: 0.000020 seconds.
  path: Assets/Scenes/kais crazy scene (tongue emojii))/screen.mat
  artifactKey: Guid(99c762952e689154284ec3f895e91550) Importer(815301076,1909f56bfc062723c751e8b465ee728b)
Start importing Assets/Scenes/kais crazy scene (tongue emojii))/screen.mat using Guid(99c762952e689154284ec3f895e91550) Importer(815301076,1909f56bfc062723c751e8b465ee728b) (PreviewImporter) -> (artifact id: '20a760d0f5ee54d454ab4c150761b7ff') in 0.0112604 seconds
Number of updated asset objects reloaded before import = 0Number of asset objects unloaded after import = 1

========================================================================
Received Import Request.
  Time since last request: 0.000021 seconds.
  path: Assets/Scenes/kais crazy scene (tongue emojii))/ceiling.mat
  artifactKey: Guid(4d68279b6dd38f349a68051fd1596c5e) Importer(815301076,1909f56bfc062723c751e8b465ee728b)
Start importing Assets/Scenes/kais crazy scene (tongue emojii))/ceiling.mat using Guid(4d68279b6dd38f349a68051fd1596c5e) Importer(815301076,1909f56bfc062723c751e8b465ee728b) (PreviewImporter) -> (artifact id: 'ecc189343e3bb46dd265d6b0278014bf') in 0.0125486 seconds
Number of updated asset objects reloaded before import = 0Number of asset objects unloaded after import = 2

========================================================================
Received Import Request.
  Time since last request: 0.000023 seconds.
  path: Assets/Scenes/kais crazy scene (tongue emojii))/trim.mat
  artifactKey: Guid(c10d21ce39b8ecd4888447d77423a05f) Importer(815301076,1909f56bfc062723c751e8b465ee728b)
Start importing Assets/Scenes/kais crazy scene (tongue emojii))/trim.mat using Guid(c10d21ce39b8ecd4888447d77423a05f) Importer(815301076,1909f56bfc062723c751e8b465ee728b) (PreviewImporter) -> (artifact id: '363cfecd270424b4f3bfa9d3064b8e73') in 0.0110257 seconds
Number of updated asset objects reloaded before import = 0Number of asset objects unloaded after import = 1

========================================================================
Received Import Request.
  Time since last request: 0.000022 seconds.
  path: Assets/Scenes/kais crazy scene (tongue emojii))/ceiling 2.mat
  artifactKey: Guid(ee7ed8f51af5d014086d7f1868c59aef) Importer(815301076,1909f56bfc062723c751e8b465ee728b)
Start importing Assets/Scenes/kais crazy scene (tongue emojii))/ceiling 2.mat using Guid(ee7ed8f51af5d014086d7f1868c59aef) Importer(815301076,1909f56bfc062723c751e8b465ee728b) (PreviewImporter) -> (artifact id: '074b2125c0a82096a3bd0411c7570452') in 0.0136239 seconds
Number of updated asset objects reloaded before import = 0Number of asset objects unloaded after import = 1

========================================================================
Received Import Request.
  Time since last request: 0.000019 seconds.
  path: Assets/Scenes/kais crazy scene (tongue emojii))/tie.mat
  artifactKey: Guid(3bf677f042f04d241b46940a1fb6e84e) Importer(815301076,1909f56bfc062723c751e8b465ee728b)
Start importing Assets/Scenes/kais crazy scene (tongue emojii))/tie.mat using Guid(3bf677f042f04d241b46940a1fb6e84e) Importer(815301076,1909f56bfc062723c751e8b465ee728b) (PreviewImporter) -> (artifact id: 'ef01e41eb1f21d38e55a3ab4f2b9b94b') in 0.0128337 seconds
Number of updated asset objects reloaded before import = 0Number of asset objects unloaded after import = 1

========================================================================
Received Import Request.
  Time since last request: 0.000020 seconds.
  path: Assets/Scenes/kais crazy scene (tongue emojii))/skin.mat
  artifactKey: Guid(07300d023cc4f414ba30f5afaaef8fc8) Importer(815301076,1909f56bfc062723c751e8b465ee728b)
Start importing Assets/Scenes/kais crazy scene (tongue emojii))/skin.mat using Guid(07300d023cc4f414ba30f5afaaef8fc8) Importer(815301076,1909f56bfc062723c751e8b465ee728b) (PreviewImporter) -> (artifact id: 'f0b653313aa43dc9a9ea8795c41aed09') in 0.0119591 seconds
Number of updated asset objects reloaded before import = 0Number of asset objects unloaded after import = 2

========================================================================
Received Import Request.
  Time since last request: 0.000224 seconds.
  path: Assets/Scenes/kais crazy scene (tongue emojii))/roob.mat
  artifactKey: Guid(c1f78129a177c914797ad7a13c004453) Importer(815301076,1909f56bfc062723c751e8b465ee728b)
Start importing Assets/Scenes/kais crazy scene (tongue emojii))/roob.mat using Guid(c1f78129a177c914797ad7a13c004453) Importer(815301076,1909f56bfc062723c751e8b465ee728b) (PreviewImporter) -> (artifact id: '157bd7cc4751f8654697544b32089d15') in 0.0105405 seconds
Number of updated asset objects reloaded before import = 0Number of asset objects unloaded after import = 1

========================================================================
Received Import Request.
  Time since last request: 0.000019 seconds.
  path: Assets/Scenes/kais crazy scene (tongue emojii))/plant.mat
  artifactKey: Guid(d87ccdff7e2ca2d47b56744d7acde294) Importer(815301076,1909f56bfc062723c751e8b465ee728b)
Start importing Assets/Scenes/kais crazy scene (tongue emojii))/plant.mat using Guid(d87ccdff7e2ca2d47b56744d7acde294) Importer(815301076,1909f56bfc062723c751e8b465ee728b) (PreviewImporter) -> (artifact id: '7ff7256a0087f5d2052a91715ef8e472') in 0.0116791 seconds
Number of updated asset objects reloaded before import = 0Number of asset objects unloaded after import = 1

========================================================================
Received Import Request.
  Time since last request: 0.000025 seconds.
  path: Assets/Scenes/kais crazy scene (tongue emojii))/poster3.mat
  artifactKey: Guid(1e0e540dd6f0fe443b59ca719a133656) Importer(815301076,1909f56bfc062723c751e8b465ee728b)
Start importing Assets/Scenes/kais crazy scene (tongue emojii))/poster3.mat using Guid(1e0e540dd6f0fe443b59ca719a133656) Importer(815301076,1909f56bfc062723c751e8b465ee728b) (PreviewImporter) -> (artifact id: 'ff99d3cf5c0b9c6f56b2c720e4c7f008') in 0.0115609 seconds
Number of updated asset objects reloaded before import = 0Number of asset objects unloaded after import = 2

========================================================================
Received Import Request.
  Time since last request: 0.000019 seconds.
  path: Assets/Scenes/kais crazy scene (tongue emojii))/coffee.mat
  artifactKey: Guid(3fc448b42e4314d48970c22b3e6b2c46) Importer(815301076,1909f56bfc062723c751e8b465ee728b)
Start importing Assets/Scenes/kais crazy scene (tongue emojii))/coffee.mat using Guid(3fc448b42e4314d48970c22b3e6b2c46) Importer(815301076,1909f56bfc062723c751e8b465ee728b) (PreviewImporter) -> (artifact id: 'a62a615a535cb1ae1788d012d7d9dc3e') in 0.0113172 seconds
Number of updated asset objects reloaded before import = 0Number of asset objects unloaded after import = 1

========================================================================
Received Import Request.
  Time since last request: 0.000019 seconds.
  path: Assets/Scenes/kais crazy scene (tongue emojii))/paper2.mat
  artifactKey: Guid(f82ae0eda0e055f4c8a2da5e8350667e) Importer(815301076,1909f56bfc062723c751e8b465ee728b)
Start importing Assets/Scenes/kais crazy scene (tongue emojii))/paper2.mat using Guid(f82ae0eda0e055f4c8a2da5e8350667e) Importer(815301076,1909f56bfc062723c751e8b465ee728b) (PreviewImporter) -> (artifact id: 'fc5a4992a90862b5211333d1b74e3ae0') in 0.0200864 seconds
Number of updated asset objects reloaded before import = 0Number of asset objects unloaded after import = 2

========================================================================
Received Import Request.
  Time since last request: 0.000023 seconds.
  path: Assets/Scenes/kais crazy scene (tongue emojii))/suit.mat
  artifactKey: Guid(53ece0284b5ed434c9b4053de18c493b) Importer(815301076,1909f56bfc062723c751e8b465ee728b)
Start importing Assets/Scenes/kais crazy scene (tongue emojii))/suit.mat using Guid(53ece0284b5ed434c9b4053de18c493b) Importer(815301076,1909f56bfc062723c751e8b465ee728b) (PreviewImporter) -> (artifact id: 'b2d24cb5c2f27f9271cf92fd66ffcfa2') in 0.0109782 seconds
Number of updated asset objects reloaded before import = 0Number of asset objects unloaded after import = 1

========================================================================
Received Import Request.
  Time since last request: 0.000024 seconds.
  path: Assets/Scenes/kais crazy scene (tongue emojii))/lights2.mat
  artifactKey: Guid(40404f09773ee5749af269f74f4049b3) Importer(815301076,1909f56bfc062723c751e8b465ee728b)
Start importing Assets/Scenes/kais crazy scene (tongue emojii))/lights2.mat using Guid(40404f09773ee5749af269f74f4049b3) Importer(815301076,1909f56bfc062723c751e8b465ee728b) (PreviewImporter) -> (artifact id: '327e2912c6d09f5d3c0fdbfd6c44c492') in 0.0108577 seconds
Number of updated asset objects reloaded before import = 0Number of asset objects unloaded after import = 1

========================================================================
Received Import Request.
  Time since last request: 0.000021 seconds.
  path: Assets/Scenes/kais crazy scene (tongue emojii))/poster2.mat
  artifactKey: Guid(9613ea9857681cd4b8af78de2f96bf56) Importer(815301076,1909f56bfc062723c751e8b465ee728b)
Start importing Assets/Scenes/kais crazy scene (tongue emojii))/poster2.mat using Guid(9613ea9857681cd4b8af78de2f96bf56) Importer(815301076,1909f56bfc062723c751e8b465ee728b) (PreviewImporter) -> (artifact id: '8810c17c930bc8f136cbefcc139ce0f8') in 0.0124569 seconds
Number of updated asset objects reloaded before import = 0Number of asset objects unloaded after import = 2

========================================================================
Received Import Request.
  Time since last request: 0.000028 seconds.
  path: Assets/Scenes/kais crazy scene (tongue emojii))/lights.mat
  artifactKey: Guid(1464957e30abe0c479b8f43a3392a0e0) Importer(815301076,1909f56bfc062723c751e8b465ee728b)
Start importing Assets/Scenes/kais crazy scene (tongue emojii))/lights.mat using Guid(1464957e30abe0c479b8f43a3392a0e0) Importer(815301076,1909f56bfc062723c751e8b465ee728b) (PreviewImporter) -> (artifact id: 'f7cd438552b013a66d53142127898279') in 0.0119143 seconds
Number of updated asset objects reloaded before import = 0Number of asset objects unloaded after import = 1

========================================================================
Received Import Request.
  Time since last request: 0.000022 seconds.
  path: Assets/Scenes/kais crazy scene (tongue emojii))/ceramic.mat
  artifactKey: Guid(1ee33e12fdba67f478add890db195f9a) Importer(815301076,1909f56bfc062723c751e8b465ee728b)
Start importing Assets/Scenes/kais crazy scene (tongue emojii))/ceramic.mat using Guid(1ee33e12fdba67f478add890db195f9a) Importer(815301076,1909f56bfc062723c751e8b465ee728b) (PreviewImporter) -> (artifact id: 'f5b504efc4130fa7f31bd13512e2a251') in 0.0116903 seconds
Number of updated asset objects reloaded before import = 0Number of asset objects unloaded after import = 1

========================================================================
Received Import Request.
  Time since last request: 0.000020 seconds.
  path: Assets/Scenes/kais crazy scene (tongue emojii))/plastic 3.mat
  artifactKey: Guid(ec6e8137f32548e40af354c94adb4445) Importer(815301076,1909f56bfc062723c751e8b465ee728b)
Start importing Assets/Scenes/kais crazy scene (tongue emojii))/plastic 3.mat using Guid(ec6e8137f32548e40af354c94adb4445) Importer(815301076,1909f56bfc062723c751e8b465ee728b) (PreviewImporter) -> (artifact id: '330fd838b4ccdb6ed56a99273aacdc9c') in 0.0121759 seconds
Number of updated asset objects reloaded before import = 0Number of asset objects unloaded after import = 1

========================================================================
Received Import Request.
  Time since last request: 0.000019 seconds.
  path: Assets/Scenes/kais crazy scene (tongue emojii))/red plastic.mat
  artifactKey: Guid(72af8f901bdc75243811dc17775ccb0d) Importer(815301076,1909f56bfc062723c751e8b465ee728b)
Start importing Assets/Scenes/kais crazy scene (tongue emojii))/red plastic.mat using Guid(72af8f901bdc75243811dc17775ccb0d) Importer(815301076,1909f56bfc062723c751e8b465ee728b) (PreviewImporter) -> (artifact id: 'a53614a808f1256b5970899145604cd2') in 0.0124819 seconds
Number of updated asset objects reloaded before import = 0Number of asset objects unloaded after import = 1

========================================================================
Received Import Request.
  Time since last request: 0.000019 seconds.
  path: Assets/Scenes/kais crazy scene (tongue emojii))/cardboard.mat
  artifactKey: Guid(a6a6181bba3838b4a8e0071e8fd16245) Importer(815301076,1909f56bfc062723c751e8b465ee728b)
Start importing Assets/Scenes/kais crazy scene (tongue emojii))/cardboard.mat using Guid(a6a6181bba3838b4a8e0071e8fd16245) Importer(815301076,1909f56bfc062723c751e8b465ee728b) (PreviewImporter) -> (artifact id: 'ea34580d630adc54d51943b7233dd648') in 0.0108144 seconds
Number of updated asset objects reloaded before import = 0Number of asset objects unloaded after import = 2

========================================================================
Received Import Request.
  Time since last request: 0.000019 seconds.
  path: Assets/Scenes/kais crazy scene (tongue emojii))/blinds2.mat
  artifactKey: Guid(a2bdc602bfb64d04c97df4dbbfdf19c8) Importer(815301076,1909f56bfc062723c751e8b465ee728b)
Start importing Assets/Scenes/kais crazy scene (tongue emojii))/blinds2.mat using Guid(a2bdc602bfb64d04c97df4dbbfdf19c8) Importer(815301076,1909f56bfc062723c751e8b465ee728b) (PreviewImporter) -> (artifact id: 'a4fcbdc839ba6e2f3690b2c0d0dc37b7') in 0.0110375 seconds
Number of updated asset objects reloaded before import = 0Number of asset objects unloaded after import = 1

========================================================================
Received Import Request.
  Time since last request: 0.000018 seconds.
  path: Assets/Scenes/kais crazy scene (tongue emojii))/metal 0.mat
  artifactKey: Guid(7abbc48e938b3524a9120e74dcc294b4) Importer(815301076,1909f56bfc062723c751e8b465ee728b)
Start importing Assets/Scenes/kais crazy scene (tongue emojii))/metal 0.mat using Guid(7abbc48e938b3524a9120e74dcc294b4) Importer(815301076,1909f56bfc062723c751e8b465ee728b) (PreviewImporter) -> (artifact id: '689522dd57d8e25b9e7a89bfcc6e716f') in 0.010894 seconds
Number of updated asset objects reloaded before import = 0Number of asset objects unloaded after import = 1

========================================================================
Received Import Request.
  Time since last request: 0.000026 seconds.
  path: Assets/Scenes/kais crazy scene (tongue emojii))/plastic clear.mat
  artifactKey: Guid(03d8161dfbc96c946a3ddc2195f191e8) Importer(815301076,1909f56bfc062723c751e8b465ee728b)
Start importing Assets/Scenes/kais crazy scene (tongue emojii))/plastic clear.mat using Guid(03d8161dfbc96c946a3ddc2195f191e8) Importer(815301076,1909f56bfc062723c751e8b465ee728b) (PreviewImporter) -> (artifact id: '197ffceebd294df54ec46161d4b97956') in 0.0122907 seconds
Number of updated asset objects reloaded before import = 0Number of asset objects unloaded after import = 1

========================================================================
Received Import Request.
  Time since last request: 0.000029 seconds.
  path: Assets/Scenes/kais crazy scene (tongue emojii))/trash can.mat
  artifactKey: Guid(a5dcd23af3803c144b13e99743ae5ceb) Importer(815301076,1909f56bfc062723c751e8b465ee728b)
Start importing Assets/Scenes/kais crazy scene (tongue emojii))/trash can.mat using Guid(a5dcd23af3803c144b13e99743ae5ceb) Importer(815301076,1909f56bfc062723c751e8b465ee728b) (PreviewImporter) -> (artifact id: '85dd18a715e2ce7c1098cb5457087e12') in 0.0103001 seconds
Number of updated asset objects reloaded before import = 0Number of asset objects unloaded after import = 1

========================================================================
Received Import Request.
  Time since last request: 0.000024 seconds.
  path: Assets/Scenes/kais crazy scene (tongue emojii))/plastic 2.mat
  artifactKey: Guid(204015dad4e561646a5dadadfc895c76) Importer(815301076,1909f56bfc062723c751e8b465ee728b)
Start importing Assets/Scenes/kais crazy scene (tongue emojii))/plastic 2.mat using Guid(204015dad4e561646a5dadadfc895c76) Importer(815301076,1909f56bfc062723c751e8b465ee728b) (PreviewImporter) -> (artifact id: 'c692d0961fe6ac0afe0cf291fae7076b') in 0.0098693 seconds
Number of updated asset objects reloaded before import = 0Number of asset objects unloaded after import = 1

========================================================================
Received Import Request.
  Time since last request: 0.000019 seconds.
  path: Assets/Scenes/kais crazy scene (tongue emojii))/pot.mat
  artifactKey: Guid(49ef558c7e0a60e4a84b3c121e7ad1c1) Importer(815301076,1909f56bfc062723c751e8b465ee728b)
Start importing Assets/Scenes/kais crazy scene (tongue emojii))/pot.mat using Guid(49ef558c7e0a60e4a84b3c121e7ad1c1) Importer(815301076,1909f56bfc062723c751e8b465ee728b) (PreviewImporter) -> (artifact id: '5351014087cd8f0cbb4b43a2f90505e0') in 0.0090373 seconds
Number of updated asset objects reloaded before import = 0Number of asset objects unloaded after import = 1

========================================================================
Received Import Request.
  Time since last request: 30.700856 seconds.
  path: Assets/Scenes/kais crazy scene (tongue emojii))/wall.mat
  artifactKey: Guid(f38064fb90e266b439205ccbaec6b208) Importer(815301076,1909f56bfc062723c751e8b465ee728b)
Start importing Assets/Scenes/kais crazy scene (tongue emojii))/wall.mat using Guid(f38064fb90e266b439205ccbaec6b208) Importer(815301076,1909f56bfc062723c751e8b465ee728b) (PreviewImporter) -> (artifact id: '6511e654a8e03065cd733e7a59a7a498') in 0.0124203 seconds
Number of updated asset objects reloaded before import = 0Number of asset objects unloaded after import = 2

========================================================================
Received Import Request.
  Time since last request: 141.748336 seconds.
  path: Assets/Scenes/kais crazy scene (tongue emojii))/roob.mat
  artifactKey: Guid(c1f78129a177c914797ad7a13c004453) Importer(815301076,1909f56bfc062723c751e8b465ee728b)
Start importing Assets/Scenes/kais crazy scene (tongue emojii))/roob.mat using Guid(c1f78129a177c914797ad7a13c004453) Importer(815301076,1909f56bfc062723c751e8b465ee728b) (PreviewImporter) -> (artifact id: 'd38f24fc281c3e58a50beb2f6bcf9e37') in 0.0123018 seconds
Number of updated asset objects reloaded before import = 0Number of asset objects unloaded after import = 2

========================================================================
Received Import Request.
  Time since last request: 0.000017 seconds.
  path: Assets/Scenes/kais crazy scene (tongue emojii))/screen 2.mat
  artifactKey: Guid(3501d30dc224b284cb0516d05b80d81a) Importer(815301076,1909f56bfc062723c751e8b465ee728b)
Start importing Assets/Scenes/kais crazy scene (tongue emojii))/screen 2.mat using Guid(3501d30dc224b284cb0516d05b80d81a) Importer(815301076,1909f56bfc062723c751e8b465ee728b) (PreviewImporter) -> (artifact id: 'c72c2b7e9ef4b503705b24a0288e1882') in 0.0110967 seconds
Number of updated asset objects reloaded before import = 0Number of asset objects unloaded after import = 2

========================================================================
Received Import Request.
  Time since last request: 745.692115 seconds.
  path: Assets/DefaultVolumeProfile.asset
  artifactKey: Guid(b6d8050cecbe75e4c8b3445d5ccd33ff) Importer(815301076,1909f56bfc062723c751e8b465ee728b)
Start importing Assets/DefaultVolumeProfile.asset using Guid(b6d8050cecbe75e4c8b3445d5ccd33ff) Importer(815301076,1909f56bfc062723c751e8b465ee728b) (PreviewImporter) -> (artifact id: '4cfc7e06e419325b3fcda81b548e81eb') in 0.0008509 seconds
Number of updated asset objects reloaded before import = 0Number of asset objects unloaded after import = 0

========================================================================
Received Import Request.
  Time since last request: 249.267504 seconds.
  path: Assets/Scenes/kais crazy scene (tongue emojii))/plastic clear.mat
  artifactKey: Guid(03d8161dfbc96c946a3ddc2195f191e8) Importer(815301076,1909f56bfc062723c751e8b465ee728b)
Start importing Assets/Scenes/kais crazy scene (tongue emojii))/plastic clear.mat using Guid(03d8161dfbc96c946a3ddc2195f191e8) Importer(815301076,1909f56bfc062723c751e8b465ee728b) (PreviewImporter) -> (artifact id: '5b02a23bd04c4b50752d93fae0cb2d30') in 0.1793824 seconds
Number of updated asset objects reloaded before import = 0Number of asset objects unloaded after import = 1

========================================================================
Received Import Request.
  Time since last request: 0.000026 seconds.
  path: Assets/Scenes/kais crazy scene (tongue emojii))/screen.mat
  artifactKey: Guid(99c762952e689154284ec3f895e91550) Importer(815301076,1909f56bfc062723c751e8b465ee728b)
Start importing Assets/Scenes/kais crazy scene (tongue emojii))/screen.mat using Guid(99c762952e689154284ec3f895e91550) Importer(815301076,1909f56bfc062723c751e8b465ee728b) (PreviewImporter) -> (artifact id: '17cf088c893fe5aa417e9cf9482d0e1f') in 0.0213766 seconds
Number of updated asset objects reloaded before import = 0Number of asset objects unloaded after import = 2

Editor requested this worker to shutdown with reason: Scaling down because of idle timeout
AssetImportWorker is now disconnected from the server
Process exiting
Exiting without the bug reporter. Application will terminate with return code 0